2026-03-25 10:55:06,929 [INFO] 카메라 초기화 완료
2026-03-25 10:55:06,930 [INFO] 비활동 감지 시작
2026-03-25 10:55:06,930 [INFO] 경고 기준: 0분
2026-03-25 10:55:06,930 [INFO] 경보 기준: 0분
2026-03-25 10:55:07,178 [INFO] 비활동 감지 시작
2026-03-25 10:55:17,217 [ERROR] 서버 연결 실패: HTTPConnectionPool(host='localhost', port=8000): Read timed out. (read timeout=5)
2026-03-25 10:55:17,218 [WARNING] 비활동 경고 발송: 5초
2026-03-25 10:55:22,276 [ERROR] 서버 연결 실패: HTTPConnectionPool(host='localhost', port=8000): Read timed out. (read timeout=5)
2026-03-25 10:55:22,276 [ERROR] 비활동 경보 발송: 10초
2026-03-25 10:55:25,465 [INFO] 활동 재개 (비활동 시간: 18초)
2026-03-25 10:55:26,337 [INFO] 비활동 감지 시작
2026-03-25 10:55:26,371 [INFO] 활동 재개 (비활동 시간: 0초)
2026-03-25 10:55:26,866 [INFO] 비활동 감지 시작
2026-03-25 10:55:27,000 [INFO] 활동 재개 (비활동 시간: 0초)
2026-03-25 10:55:27,303 [INFO] 비활동 감지 시작
2026-03-25 10:55:27,566 [INFO] 활동 재개 (비활동 시간: 0초)
2026-03-25 10:55:27,666 [INFO] 비활동 감지 시작
2026-03-25 10:55:28,667 [INFO] 활동 재개 (비활동 시간: 1초)
2026-03-25 10:55:29,134 [INFO] 비활동 감지 시작
2026-03-25 10:55:29,305 [INFO] 활동 재개 (비활동 시간: 0초)
2026-03-25 10:55:29,801 [INFO] 비활동 감지 시작
2026-03-25 10:55:30,168 [INFO] 활동 재개 (비활동 시간: 0초)
2026-03-25 10:55:30,804 [INFO] 비활동 감지 시작
2026-03-25 10:55:40,814 [ERROR] 서버 연결 실패: HTTPConnectionPool(host='localhost', port=8000): Read timed out. (read timeout=5)
2026-03-25 10:55:40,815 [WARNING] 비활동 경고 발송: 5초
2026-03-25 10:55:45,879 [ERROR] 서버 연결 실패: HTTPConnectionPool(host='localhost', port=8000): Read timed out. (read timeout=5)
2026-03-25 10:55:45,879 [ERROR] 비활동 경보 발송: 10초
2026-03-25 10:55:46,079 [INFO] 활동 재개 (비활동 시간: 15초)
2026-03-25 10:55:46,713 [INFO] 비활동 감지 시작
2026-03-25 10:55:47,047 [INFO] 활동 재개 (비활동 시간: 0초)
2026-03-25 10:55:47,316 [INFO] 비활동 감지 시작
2026-03-25 10:55:49,355 [INFO] 활동 재개 (비활동 시간: 2초)
2026-03-25 10:55:51,649 [INFO] 비활동 감지 시작
2026-03-25 10:55:55,751 [INFO] 활동 재개 (비활동 시간: 4초)
2026-03-25 10:55:56,340 [INFO] 비활동 감지 시작
2026-03-25 10:56:06,359 [ERROR] 서버 연결 실패: HTTPConnectionPool(host='localhost', port=8000): Read timed out. (read timeout=5)
2026-03-25 10:56:06,360 [WARNING] 비활동 경고 발송: 5초
2026-03-25 10:56:06,405 [INFO] 활동 재개 (비활동 시간: 10초)
2026-03-25 10:56:11,895 [INFO] 비활동 감지 시작
2026-03-25 10:56:12,162 [INFO] 활동 재개 (비활동 시간: 0초)
2026-03-25 10:56:18,099 [INFO] 비활동 감지 시작
2026-03-25 10:56:28,107 [ERROR] 서버 연결 실패: HTTPConnectionPool(host='localhost', port=8000): Read timed out. (read timeout=5)
2026-03-25 10:56:28,108 [WARNING] 비활동 경고 발송: 5초
2026-03-25 10:56:28,147 [INFO] 활동 재개 (비활동 시간: 10초)
2026-03-25 10:56:28,507 [INFO] 비활동 감지 시작
2026-03-25 10:56:28,642 [INFO] 활동 재개 (비활동 시간: 0초)
2026-03-25 10:56:29,174 [INFO] 비활동 감지 시작
2026-03-25 10:56:32,756 [INFO] 활동 재개 (비활동 시간: 4초)
2026-03-25 10:56:33,380 [INFO] 비활동 감지 시작
2026-03-25 10:56:33,609 [INFO] 활동 재개 (비활동 시간: 0초)
2026-03-25 10:56:34,177 [INFO] 비활동 감지 시작
2026-03-25 10:56:34,741 [INFO] 활동 재개 (비활동 시간: 1초)
2026-03-25 10:56:41,114 [INFO] 비활동 감지 시작
2026-03-25 10:56:41,516 [INFO] 활동 재개 (비활동 시간: 0초)
2026-03-25 10:56:42,547 [INFO] 비활동 감지 시작
2026-03-25 10:56:52,555 [ERROR] 서버 연결 실패: HTTPConnectionPool(host='localhost', port=8000): Read timed out. (read timeout=5)
2026-03-25 10:56:52,556 [WARNING] 비활동 경고 발송: 5초
2026-03-25 10:56:52,588 [INFO] 활동 재개 (비활동 시간: 10초)
2026-03-25 10:56:54,463 [INFO] 비활동 감지 시작
2026-03-25 10:57:04,498 [ERROR] 서버 연결 실패: HTTPConnectionPool(host='localhost', port=8000): Read timed out. (read timeout=5)
2026-03-25 10:57:04,500 [WARNING] 비활동 경고 발송: 5초
2026-03-25 10:57:09,551 [ERROR] 서버 연결 실패: HTTPConnectionPool(host='localhost', port=8000): Read timed out. (read timeout=5)
2026-03-25 10:57:09,551 [ERROR] 비활동 경보 발송: 10초
2026-03-25 10:57:11,132 [INFO] 활동 재개 (비활동 시간: 17초)
2026-03-25 10:57:13,040 [INFO] 비활동 감지 시작
2026-03-25 10:57:15,015 [INFO] 키보드 인터럽트로 종료
2026-03-25 10:57:15,121 [INFO] 리소스 정리 완료
2026-03-25 11:05:54,985 [INFO] OASIS 비활동 감지 시작
2026-03-25 11:05:54,985 [INFO] 경고 기준: 5초
2026-03-25 11:05:54,985 [INFO] 경보 기준: 10초
2026-03-25 11:05:56,706 [INFO] 카메라 초기화 완료
2026-03-25 11:05:56,973 [INFO] 비활동 감지 시작
2026-03-25 11:06:00,644 [INFO] 활동 재개 (비활동 시간: 4초)
2026-03-25 11:06:00,977 [INFO] 비활동 감지 시작
2026-03-25 11:06:02,893 [INFO] 활동 재개 (비활동 시간: 2초)
2026-03-25 11:06:03,576 [INFO] 비활동 감지 시작
2026-03-25 11:06:13,588 [ERROR] 서버 연결 실패: HTTPConnectionPool(host='localhost', port=8000): Read timed out. (read timeout=5)
2026-03-25 11:06:13,589 [WARNING] 비활동 경고 발송: 5초
2026-03-25 11:06:18,632 [ERROR] 서버 연결 실패: HTTPConnectionPool(host='localhost', port=8000): Read timed out. (read timeout=5)
2026-03-25 11:06:18,632 [ERROR] 비활동 경보 발송: 10초
2026-03-25 11:06:27,527 [INFO] 활동 재개 (비활동 시간: 24초)
2026-03-25 11:06:28,792 [INFO] 비활동 감지 시작
2026-03-25 11:06:28,826 [INFO] 활동 재개 (비활동 시간: 0초)
2026-03-25 11:06:30,959 [INFO] 비활동 감지 시작
2026-03-25 11:06:31,558 [INFO] 활동 재개 (비활동 시간: 1초)
2026-03-25 11:06:33,397 [INFO] 비활동 감지 시작
2026-03-25 11:06:43,410 [ERROR] 서버 연결 실패: HTTPConnectionPool(host='localhost', port=8000): Read timed out. (read timeout=5)
2026-03-25 11:06:43,410 [WARNING] 비활동 경고 발송: 5초
2026-03-25 11:06:48,474 [ERROR] 서버 연결 실패: HTTPConnectionPool(host='localhost', port=8000): Read timed out. (read timeout=5)
2026-03-25 11:06:48,475 [ERROR] 비활동 경보 발송: 10초
2026-03-25 11:06:48,541 [INFO] 활동 재개 (비활동 시간: 15초)
2026-03-25 11:06:50,373 [INFO] 비활동 감지 시작
2026-03-25 11:06:51,948 [INFO] 활동 재개 (비활동 시간: 2초)
2026-03-25 11:06:52,545 [INFO] 비활동 감지 시작
2026-03-25 11:06:53,380 [INFO] 활동 재개 (비활동 시간: 1초)
2026-03-25 11:06:54,675 [INFO] 비활동 감지 시작
2026-03-25 11:06:54,895 [INFO] 키보드 인터럽트로 종료
2026-03-25 11:06:54,996 [INFO] 리소스 정리 완료
2026-03-25 14:04:28,406 [INFO] OASIS 통합 감지 시작
2026-03-25 14:04:28,407 [INFO] 비활동 경고: 5초 | 경보: 10초
2026-03-25 14:04:30,126 [INFO] 카메라 초기화 완료
2026-03-25 14:04:30,331 [INFO] 비활동 감지 시작
2026-03-25 14:04:33,122 [INFO] 활동 재개 (비활동 시간: 3초)
2026-03-25 14:04:34,028 [INFO] 비활동 감지 시작
2026-03-25 14:04:34,160 [INFO] 활동 재개 (비활동 시간: 0초)
2026-03-25 14:04:35,129 [INFO] 비활동 감지 시작
2026-03-25 14:04:35,923 [INFO] 활동 재개 (비활동 시간: 1초)
2026-03-25 14:04:36,525 [INFO] 비활동 감지 시작
2026-03-25 14:04:36,891 [INFO] 활동 재개 (비활동 시간: 0초)
2026-03-25 14:04:36,957 [INFO] 비활동 감지 시작
2026-03-25 14:04:39,826 [INFO] 활동 재개 (비활동 시간: 3초)
2026-03-25 14:04:40,663 [INFO] 비활동 감지 시작
2026-03-25 14:04:45,715 [ERROR] 서버 연결 실패: HTTPConnectionPool(host='localhost', port=8000): Max retries exceeded with url: /alert/ (Caused by NewConnectionError('<urllib3.connection.HTTPConnection object at 0x12b94bb90>: Failed to establish a new connection: [Errno 61] Connection refused'))
2026-03-25 14:04:50,675 [ERROR] 서버 연결 실패: HTTPConnectionPool(host='localhost', port=8000): Max retries exceeded with url: /alert/ (Caused by NewConnectionError('<urllib3.connection.HTTPConnection object at 0x12b959ed0>: Failed to establish a new connection: [Errno 61] Connection refused'))
2026-03-25 14:04:53,745 [INFO] 활동 재개 (비활동 시간: 13초)
2026-03-25 14:04:55,442 [INFO] 비활동 감지 시작
2026-03-25 14:04:58,009 [INFO] 활동 재개 (비활동 시간: 3초)
2026-03-25 14:04:58,914 [INFO] 비활동 감지 시작
2026-03-25 14:05:00,234 [INFO] 키보드 인터럽트로 종료
2026-03-25 14:05:00,450 [INFO] 리소스 정리 완료
